g:\cb_space\lduilib\lduilib_lib\debug\vc140.pdb
g:\cb_space\lduilib\lduilib_lib\debug\vc140.idb
g:\cb_space\lduilib\lduilib_lib\debug\uibase.obj
g:\cb_space\lduilib\lduilib_lib\debug\uicontrol.obj
g:\cb_space\lduilib\lduilib_lib\debug\uimanager.obj
g:\cb_space\lduilib\lduilib_lib\debug\uirender.obj
g:\cb_space\lduilib\lduilib_lib\debug\rectangle.obj
g:\cb_space\lduilib\lduilib_lib\debug\uicontainer.obj
g:\cb_space\lduilib\lduilib_lib\debug\stb_image.obj
g:\cb_space\lduilib\debug\lduilib_lib.lib
g:\cb_space\lduilib\debug\lduilib_lib.exp
g:\cb_space\lduilib\debug\lduilib_lib.ilk
g:\cb_space\lduilib\debug\lduilib_lib.dll
g:\cb_space\lduilib\debug\lduilib_lib.pdb
g:\cb_space\lduilib\lduilib_lib\debug\lduilib_lib.tlog\cl.command.1.tlog
g:\cb_space\lduilib\lduilib_lib\debug\lduilib_lib.tlog\cl.read.1.tlog
g:\cb_space\lduilib\lduilib_lib\debug\lduilib_lib.tlog\cl.write.1.tlog
g:\cb_space\lduilib\lduilib_lib\debug\lduilib_lib.tlog\lduilib_lib.write.1u.tlog
g:\cb_space\lduilib\lduilib_lib\debug\lduilib_lib.tlog\link.command.1.tlog
g:\cb_space\lduilib\lduilib_lib\debug\lduilib_lib.tlog\link.read.1.tlog
g:\cb_space\lduilib\lduilib_lib\debug\lduilib_lib.tlog\link.write.1.tlog
