生成启动时间为 2016/8/4 14:43:22。
     1>项目“G:\cb_space\lduilib\lduilib_lib\3rd\stb-truetype-example\stb-truetype-example\stb-truetype-example.vcxproj”在节点 2 上(Build 个目标)。
     1>ClCompile:
         E:\Program Files (x86)\Microsoft Visual Studio 14.0\VC\bin\CL.exe /c /I"G:\cb_space\lduilib\lduilib_lib\3rd\stb-truetype-example\stb-truetype-example\../3rd_party" /ZI /nologo /W3 /WX- /Od /Oy- /D WIN32 /D _DEBUG /D _CONSOLE /D _UNICODE /D UNICODE /Gm /EHsc /RTC1 /MDd /GS /fp:precise /Zc:wchar_t /Zc:forScope /Zc:inline /Fo"Debug\\" /Fd"Debug\vc140.pdb" /Gd /TC /analyze- /errorReport:prompt ..\source\main.c
         main.c
     1>g:\cb_space\lduilib\lduilib_lib\3rd\stb-truetype-example\3rd_party\stb_image_write.h(156): warning C4996: 'fopen': This function or variable may be unsafe. Consider using fopen_s instead. To disable deprecation, use _CRT_SECURE_NO_WARNINGS. See online help for details.
         c:\program files (x86)\windows kits\10\include\10.0.10150.0\ucrt\stdio.h(205): note: 参见“fopen”的声明
     1>g:\cb_space\lduilib\lduilib_lib\3rd\stb-truetype-example\3rd_party\stb_image_write.h(495): warning C4996: 'fopen': This function or variable may be unsafe. Consider using fopen_s instead. To disable deprecation, use _CRT_SECURE_NO_WARNINGS. See online help for details.
         c:\program files (x86)\windows kits\10\include\10.0.10150.0\ucrt\stdio.h(205): note: 参见“fopen”的声明
     1>g:\cb_space\lduilib\lduilib_lib\3rd\stb-truetype-example\source\main.c(44): warning C4244: “函数”: 从“int”转换到“float”，可能丢失数据
     1>g:\cb_space\lduilib\lduilib_lib\3rd\stb-truetype-example\source\main.c(54): warning C4244: “*=”: 从“float”转换到“int”，可能丢失数据
     1>g:\cb_space\lduilib\lduilib_lib\3rd\stb-truetype-example\source\main.c(55): warning C4244: “*=”: 从“float”转换到“int”，可能丢失数据
     1>g:\cb_space\lduilib\lduilib_lib\3rd\stb-truetype-example\source\main.c(58): warning C4018: “<”: 有符号/无符号不匹配
     1>g:\cb_space\lduilib\lduilib_lib\3rd\stb-truetype-example\source\main.c(74): warning C4244: “+=”: 从“float”转换到“int”，可能丢失数据
     1>g:\cb_space\lduilib\lduilib_lib\3rd\stb-truetype-example\source\main.c(79): warning C4244: “+=”: 从“float”转换到“int”，可能丢失数据
     1>g:\cb_space\lduilib\lduilib_lib\3rd\stb-truetype-example\source\main.c(19): warning C4996: 'fopen': This function or variable may be unsafe. Consider using fopen_s instead. To disable deprecation, use _CRT_SECURE_NO_WARNINGS. See online help for details.
         c:\program files (x86)\windows kits\10\include\10.0.10150.0\ucrt\stdio.h(205): note: 参见“fopen”的声明
       Link:
         E:\Program Files (x86)\Microsoft Visual Studio 14.0\VC\bin\link.exe /ERRORREPORT:PROMPT /OUT:"G:\cb_space\lduilib\lduilib_lib\3rd\stb-truetype-example\stb-truetype-example\Debug\stb-truetype-example.exe" /INCREMENTAL /NOLOGO kernel32.lib user32.lib gdi32.lib winspool.lib comdlg32.lib advapi32.lib shell32.lib ole32.lib oleaut32.lib uuid.lib odbc32.lib odbccp32.lib /MANIFEST /MANIFESTUAC:"level='asInvoker' uiAccess='false'" /manifest:embed /Debug /PDB:"G:\cb_space\lduilib\lduilib_lib\3rd\stb-truetype-example\stb-truetype-example\Debug\stb-truetype-example.pdb" /SUBSYSTEM:CONSOLE /TLBID:1 /DYNAMICBASE /NXCOMPAT /IMPLIB:"G:\cb_space\lduilib\lduilib_lib\3rd\stb-truetype-example\stb-truetype-example\Debug\stb-truetype-example.lib" /MACHINE:X86 Debug\main.obj
         stb-truetype-example.vcxproj -> G:\cb_space\lduilib\lduilib_lib\3rd\stb-truetype-example\stb-truetype-example\Debug\stb-truetype-example.exe
     1>已完成生成项目“G:\cb_space\lduilib\lduilib_lib\3rd\stb-truetype-example\stb-truetype-example\stb-truetype-example.vcxproj”(Build 个目标)的操作。

已成功生成。

已用时间 00:00:00.49
